<?xml version="1.0" encoding="UTF-8"?>
<!-- Generated by org.testng.reporters.JUnitReportReporter -->
<testsuite skipped="0" hostname="Admin-PC" name="HCL_Return_Request_order" tests="1" failures="0" timestamp="11 Jun 2021 07:27:13 GMT" time="8.368" errors="0">
  <testcase name="returnProductRequest" time="8.368" classname="HCL_Return_Request_order"/>
</testsuite> <!-- HCL_Return_Request_order -->
